(node:21406) Warning: NodeDeprecationWarning: The AWS SDK for JavaScript (v3) will
no longer support Node.js v18.19.1 in January 2026.

To continue receiving updates to AWS services, bug fixes, and security
updates please upgrade to a supported Node.js LTS version.

More information can be found at: https://a.co/c895JFp
(Use `node --trace-warnings ...` to show where the warning was created)
node:events:495
      throw er; // Unhandled 'error' event
      ^

Error: listen EADDRINUSE: address already in use :::3000
    at Server.setupListenHandle [as _listen2] (node:net:1811:16)
    at listenInCluster (node:net:1859:12)
    at Server.listen (node:net:1947:7)
    at Function.listen (/home/ubuntu/app/resources/codebase_partner/node_modules/express/lib/application.js:618:24)
    at startServer (/home/ubuntu/app/resources/codebase_partner/index.js:87:9)
    at process.processTicksAndRejections (node:internal/process/task_queues:95:5)
Emitted 'error' event on Server instance at:
    at emitErrorNT (node:net:1838:8)
    at process.processTicksAndRejections (node:internal/process/task_queues:82:21) {
  code: 'EADDRINUSE',
  errno: -98,
  syscall: 'listen',
  address: '::',
  port: 3000
}

Node.js v18.19.1
